This file contains any messages produced by compilers while
running configure, to aid debugging if configure makes a mistake.

It was created by configure, which was
generated by GNU Autoconf 2.69.  Invocation command line was

  $ ./configure --prefix=/data/local

## --------- ##
## Platform. ##
## --------- ##

hostname = iamtools12.s.uw.edu
uname -m = x86_64
uname -r = 2.6.32-573.18.1.el6.x86_64
uname -s = Linux
uname -v = #1 SMP Tue Feb 9 22:46:17 UTC 2016

/usr/bin/uname -p = unknown
/bin/uname -X     = unknown

/bin/arch              = x86_64
/usr/bin/arch -k       = unknown
/usr/convex/getsysinfo = unknown
/usr/bin/hostinfo      = unknown
/bin/machine           = unknown
/usr/bin/oslevel       = unknown
/bin/universe          = unknown

PATH: /data/local/bin
PATH: /usr/local/pgversion/bin
PATH: /usr/local/java
PATH: /usr/local/java/bin
PATH: /usr/lusers/fox/.bin
PATH: /usr/local/bin
PATH: /usr/lib64/qt-3.3/bin
PATH: /usr/kerberos/sbin
PATH: /usr/kerberos/bin
PATH: /bin
PATH: /usr/bin
PATH: /usr/local/sbin
PATH: /usr/sbin
PATH: /sbin


## ----------- ##
## Core tests. ##
## ----------- ##

configure:2275: checking for a BSD-compatible install
configure:2343: result: /usr/bin/install -c
configure:2354: checking whether build environment is sane
configure:2391: result: yes
configure:2416: checking for a thread-safe mkdir -p
configure:2455: result: /bin/mkdir -p
configure:2468: checking for gawk
configure:2484: found /bin/gawk
configure:2495: result: gawk
configure:2506: checking whether make sets $(MAKE)
configure:2528: result: yes
configure:2758: checking for gcc
configure:2774: found /usr/bin/gcc
configure:2785: result: gcc
configure:3014: checking for C compiler version
configure:3023: gcc --version >&5
gcc (GCC) 4.4.7 20120313 (Red Hat 4.4.7-17)
Copyright (C) 2010 Free Software Foundation, Inc.
This is free software; see the source for copying conditions.  There is NO
warranty; not even for MERCHANTABILITY or FITNESS FOR A PARTICULAR PURPOSE.

configure:3034: $? = 0
configure:3023: gcc -v >&5
Using built-in specs.
Target: x86_64-redhat-linux
Configured with: ../configure --prefix=/usr --mandir=/usr/share/man --infodir=/usr/share/info --with-bugurl=http://bugzilla.redhat.com/bugzilla --enable-bootstrap --enable-shared --enable-threads=posix --enable-checking=release --with-system-zlib --enable-__cxa_atexit --disable-libunwind-exceptions --enable-gnu-unique-object --enable-languages=c,c++,objc,obj-c++,java,fortran,ada --enable-java-awt=gtk --disable-dssi --with-java-home=/usr/lib/jvm/java-1.5.0-gcj-1.5.0.0/jre --enable-libgcj-multifile --enable-java-maintainer-mode --with-ecj-jar=/usr/share/java/eclipse-ecj.jar --disable-libjava-multilib --with-ppl --with-cloog --with-tune=generic --with-arch_32=i686 --build=x86_64-redhat-linux
Thread model: posix
gcc version 4.4.7 20120313 (Red Hat 4.4.7-17) (GCC) 
configure:3034: $? = 0
configure:3023: gcc -V >&5
gcc: '-V' option must have argument
configure:3034: $? = 1
configure:3023: gcc -qversion >&5
gcc: unrecognized option '-qversion'
gcc: no input files
configure:3034: $? = 1
configure:3054: checking whether the C compiler works
configure:3076: gcc    conftest.c  >&5
configure:3080: $? = 0
configure:3128: result: yes
configure:3131: checking for C compiler default output file name
configure:3133: result: a.out
configure:3139: checking for suffix of executables
configure:3146: gcc -o conftest    conftest.c  >&5
configure:3150: $? = 0
configure:3172: result: 
configure:3194: checking whether we are cross compiling
configure:3202: gcc -o conftest    conftest.c  >&5
configure:3206: $? = 0
configure:3213: ./conftest
configure:3217: $? = 0
configure:3232: result: no
configure:3237: checking for suffix of object files
configure:3259: gcc -c   conftest.c >&5
configure:3263: $? = 0
configure:3284: result: o
configure:3288: checking whether we are using the GNU C compiler
configure:3307: gcc -c   conftest.c >&5
configure:3307: $? = 0
configure:3316: result: yes
configure:3325: checking whether gcc accepts -g
configure:3345: gcc -c -g  conftest.c >&5
configure:3345: $? = 0
configure:3386: result: yes
configure:3403: checking for gcc option to accept ISO C89
configure:3466: gcc  -c -g -O2  conftest.c >&5
configure:3466: $? = 0
configure:3479: result: none needed
configure:3510: checking for style of include used by make
configure:3538: result: GNU
configure:3563: checking dependency style of gcc
configure:3654: result: gcc3
configure:3698: checking build system type
configure:3712: result: x86_64-unknown-linux-gnu
configure:3732: checking host system type
configure:3745: result: x86_64-unknown-linux-gnu
configure:3765: checking for a sed that does not truncate output
configure:3829: result: /bin/sed
configure:3847: checking for grep that handles long lines and -e
configure:3905: result: /bin/grep
configure:3910: checking for egrep
configure:3972: result: /bin/grep -E
configure:3977: checking for fgrep
configure:4039: result: /bin/grep -F
configure:4074: checking for ld used by gcc
configure:4141: result: /usr/bin/ld
configure:4148: checking if the linker (/usr/bin/ld) is GNU ld
configure:4163: result: yes
configure:4175: checking for BSD- or MS-compatible name lister (nm)
configure:4224: result: /usr/bin/nm -B
configure:4342: checking the name lister (/usr/bin/nm -B) interface
configure:4349: gcc -c -g -O2  conftest.c >&5
configure:4352: /usr/bin/nm -B "conftest.o"
configure:4355: output
0000000000000000 B some_variable
configure:4362: result: BSD nm
configure:4365: checking whether ln -s works
configure:4369: result: yes
configure:4377: checking the maximum length of command line arguments
configure:4497: result: 1966080
configure:4514: checking whether the shell understands some XSI constructs
configure:4524: result: yes
configure:4528: checking whether the shell understands "+="
configure:4534: result: yes
configure:4569: checking for /usr/bin/ld option to reload object files
configure:4576: result: -r
configure:4645: checking for objdump
configure:4661: found /usr/bin/objdump
configure:4672: result: objdump
configure:4704: checking how to recognize dependent libraries
configure:4900: result: pass_all
configure:4960: checking for ar
configure:4976: found /usr/bin/ar
configure:4987: result: ar
configure:5065: checking for strip
configure:5081: found /usr/bin/strip
configure:5092: result: strip
configure:5164: checking for ranlib
configure:5180: found /usr/bin/ranlib
configure:5191: result: ranlib
configure:5281: checking command to parse /usr/bin/nm -B output from gcc object
configure:5399: gcc -c -g -O2  conftest.c >&5
configure:5402: $? = 0
configure:5406: /usr/bin/nm -B conftest.o \| sed -n -e 's/^.*[	 ]\([ABCDGIRSTW][ABCDGIRSTW]*\)[	 ][	 ]*\([_A-Za-z][_A-Za-z0-9]*\)$/\1 \2 \2/p' \> conftest.nm
configure:5409: $? = 0
configure:5463: gcc -o conftest -g -O2   conftest.c conftstm.o >&5
configure:5466: $? = 0
configure:5504: result: ok
configure:5600: gcc -c -g -O2  conftest.c >&5
configure:5603: $? = 0
configure:6313: checking how to run the C preprocessor
configure:6344: gcc -E  conftest.c
configure:6344: $? = 0
configure:6358: gcc -E  conftest.c
conftest.c:11:28: error: ac_nonexistent.h: No such file or directory
configure:6358: $? = 1
configure: failed program was:
| /* confdefs.h */
| #define PACKAGE_NAME ""
| #define PACKAGE_TARNAME ""
| #define PACKAGE_VERSION ""
| #define PACKAGE_STRING ""
| #define PACKAGE_BUGREPORT ""
| #define PACKAGE_URL ""
| #define PACKAGE "webtpl"
| #define VERSION "1.15"
| /* end confdefs.h.  */
| #include <ac_nonexistent.h>
configure:6383: result: gcc -E
configure:6403: gcc -E  conftest.c
configure:6403: $? = 0
configure:6417: gcc -E  conftest.c
conftest.c:11:28: error: ac_nonexistent.h: No such file or directory
configure:6417: $? = 1
configure: failed program was:
| /* confdefs.h */
| #define PACKAGE_NAME ""
| #define PACKAGE_TARNAME ""
| #define PACKAGE_VERSION ""
| #define PACKAGE_STRING ""
| #define PACKAGE_BUGREPORT ""
| #define PACKAGE_URL ""
| #define PACKAGE "webtpl"
| #define VERSION "1.15"
| /* end confdefs.h.  */
| #include <ac_nonexistent.h>
configure:6446: checking for ANSI C header files
configure:6466: gcc -c -g -O2  conftest.c >&5
configure:6466: $? = 0
configure:6539: gcc -o conftest -g -O2   conftest.c  >&5
configure:6539: $? = 0
configure:6539: ./conftest
configure:6539: $? = 0
configure:6550: result: yes
configure:6563: checking for sys/types.h
configure:6563: gcc -c -g -O2  conftest.c >&5
configure:6563: $? = 0
configure:6563: result: yes
configure:6563: checking for sys/stat.h
configure:6563: gcc -c -g -O2  conftest.c >&5
configure:6563: $? = 0
configure:6563: result: yes
configure:6563: checking for stdlib.h
configure:6563: gcc -c -g -O2  conftest.c >&5
configure:6563: $? = 0
configure:6563: result: yes
configure:6563: checking for string.h
configure:6563: gcc -c -g -O2  conftest.c >&5
configure:6563: $? = 0
configure:6563: result: yes
configure:6563: checking for memory.h
configure:6563: gcc -c -g -O2  conftest.c >&5
configure:6563: $? = 0
configure:6563: result: yes
configure:6563: checking for strings.h
configure:6563: gcc -c -g -O2  conftest.c >&5
configure:6563: $? = 0
configure:6563: result: yes
configure:6563: checking for inttypes.h
configure:6563: gcc -c -g -O2  conftest.c >&5
configure:6563: $? = 0
configure:6563: result: yes
configure:6563: checking for stdint.h
configure:6563: gcc -c -g -O2  conftest.c >&5
configure:6563: $? = 0
configure:6563: result: yes
configure:6563: checking for unistd.h
configure:6563: gcc -c -g -O2  conftest.c >&5
configure:6563: $? = 0
configure:6563: result: yes
configure:6577: checking for dlfcn.h
configure:6577: gcc -c -g -O2  conftest.c >&5
configure:6577: $? = 0
configure:6577: result: yes
configure:6761: checking for objdir
configure:6776: result: .libs
configure:7068: checking if gcc supports -fno-rtti -fno-exceptions
configure:7086: gcc -c -g -O2  -fno-rtti -fno-exceptions conftest.c >&5
cc1: warning: command line option "-fno-rtti" is valid for C++/ObjC++ but not for C
configure:7090: $? = 0
configure:7103: result: no
configure:7123: checking for gcc option to produce PIC
configure:7395: result: -fPIC -DPIC
configure:7407: checking if gcc PIC flag -fPIC -DPIC works
configure:7425: gcc -c -g -O2  -fPIC -DPIC -DPIC conftest.c >&5
configure:7429: $? = 0
configure:7442: result: yes
configure:7466: checking if gcc static flag -static works
configure:7494: result: no
configure:7509: checking if gcc supports -c -o file.o
configure:7530: gcc -c -g -O2  -o out/conftest2.o conftest.c >&5
configure:7534: $? = 0
configure:7556: result: yes
configure:7564: checking if gcc supports -c -o file.o
configure:7611: result: yes
configure:7644: checking whether the gcc linker (/usr/bin/ld -m elf_x86_64) supports shared libraries
configure:8630: result: yes
configure:8667: checking whether -lc should be explicitly linked in
configure:8672: gcc -c -g -O2  conftest.c >&5
configure:8675: $? = 0
configure:8690: gcc -shared conftest.o  -v -Wl,-soname -Wl,conftest -o conftest 2\>\&1 \| /bin/grep  -lc  \>/dev/null 2\>\&1
configure:8693: $? = 0
configure:8705: result: no
configure:8869: checking dynamic linker characteristics
configure:9302: gcc -o conftest -g -O2   -Wl,-rpath -Wl,/foo conftest.c  >&5
configure:9302: $? = 0
configure:9520: result: GNU/Linux ld.so
configure:9622: checking how to hardcode library paths into programs
configure:9647: result: immediate
configure:10167: checking whether stripping libraries is possible
configure:10172: result: yes
configure:10207: checking if libtool supports shared libraries
configure:10209: result: yes
configure:10212: checking whether to build shared libraries
configure:10233: result: yes
configure:10236: checking whether to build static libraries
configure:10240: result: yes
configure:10435: creating ./config.status

## ---------------------- ##
## Running config.status. ##
## ---------------------- ##

This file was extended by config.status, which was
generated by GNU Autoconf 2.69.  Invocation command line was

  CONFIG_FILES    = 
  CONFIG_HEADERS  = 
  CONFIG_LINKS    = 
  CONFIG_COMMANDS = 
  $ ./config.status 

on iamtools12.s.uw.edu

config.status:979: creating Makefile
config.status:1151: executing depfiles commands
config.status:1151: executing libtool commands

## ---------------- ##
## Cache variables. ##
## ---------------- ##

ac_cv_build=x86_64-unknown-linux-gnu
ac_cv_c_compiler_gnu=yes
ac_cv_env_CC_set=
ac_cv_env_CC_value=
ac_cv_env_CFLAGS_set=
ac_cv_env_CFLAGS_value=
ac_cv_env_CPPFLAGS_set=
ac_cv_env_CPPFLAGS_value=
ac_cv_env_CPP_set=
ac_cv_env_CPP_value=
ac_cv_env_LDFLAGS_set=
ac_cv_env_LDFLAGS_value=
ac_cv_env_LIBS_set=
ac_cv_env_LIBS_value=
ac_cv_env_build_alias_set=
ac_cv_env_build_alias_value=
ac_cv_env_host_alias_set=
ac_cv_env_host_alias_value=
ac_cv_env_target_alias_set=
ac_cv_env_target_alias_value=
ac_cv_header_dlfcn_h=yes
ac_cv_header_inttypes_h=yes
ac_cv_header_memory_h=yes
ac_cv_header_stdc=yes
ac_cv_header_stdint_h=yes
ac_cv_header_stdlib_h=yes
ac_cv_header_string_h=yes
ac_cv_header_strings_h=yes
ac_cv_header_sys_stat_h=yes
ac_cv_header_sys_types_h=yes
ac_cv_header_unistd_h=yes
ac_cv_host=x86_64-unknown-linux-gnu
ac_cv_objext=o
ac_cv_path_EGREP='/bin/grep -E'
ac_cv_path_FGREP='/bin/grep -F'
ac_cv_path_GREP=/bin/grep
ac_cv_path_SED=/bin/sed
ac_cv_path_install='/usr/bin/install -c'
ac_cv_path_mkdir=/bin/mkdir
ac_cv_prog_AWK=gawk
ac_cv_prog_CPP='gcc -E'
ac_cv_prog_ac_ct_AR=ar
ac_cv_prog_ac_ct_CC=gcc
ac_cv_prog_ac_ct_OBJDUMP=objdump
ac_cv_prog_ac_ct_RANLIB=ranlib
ac_cv_prog_ac_ct_STRIP=strip
ac_cv_prog_cc_c89=
ac_cv_prog_cc_g=yes
ac_cv_prog_make_make_set=yes
am_cv_CC_dependencies_compiler_type=gcc3
lt_cv_deplibs_check_method=pass_all
lt_cv_file_magic_cmd='$MAGIC_CMD'
lt_cv_file_magic_test_file=
lt_cv_ld_reload_flag=-r
lt_cv_nm_interface='BSD nm'
lt_cv_objdir=.libs
lt_cv_path_LD=/usr/bin/ld
lt_cv_path_NM='/usr/bin/nm -B'
lt_cv_prog_compiler_c_o=yes
lt_cv_prog_compiler_pic_works=yes
lt_cv_prog_compiler_rtti_exceptions=no
lt_cv_prog_compiler_static_works=no
lt_cv_prog_gnu_ld=yes
lt_cv_sys_global_symbol_pipe='sed -n -e '\''s/^.*[	 ]\([ABCDGIRSTW][ABCDGIRSTW]*\)[	 ][	 ]*\([_A-Za-z][_A-Za-z0-9]*\)$/\1 \2 \2/p'\'''
lt_cv_sys_global_symbol_to_c_name_address='sed -n -e '\''s/^: \([^ ]*\) $/  {\"\1\", (void *) 0},/p'\'' -e '\''s/^[ABCDGIRSTW]* \([^ ]*\) \([^ ]*\)$/  {"\2", (void *) \&\2},/p'\'''
lt_cv_sys_global_symbol_to_c_name_address_lib_prefix='sed -n -e '\''s/^: \([^ ]*\) $/  {\"\1\", (void *) 0},/p'\'' -e '\''s/^[ABCDGIRSTW]* \([^ ]*\) \(lib[^ ]*\)$/  {"\2", (void *) \&\2},/p'\'' -e '\''s/^[ABCDGIRSTW]* \([^ ]*\) \([^ ]*\)$/  {"lib\2", (void *) \&\2},/p'\'''
lt_cv_sys_global_symbol_to_cdecl='sed -n -e '\''s/^T .* \(.*\)$/extern int \1();/p'\'' -e '\''s/^[ABCDGIRSTW]* .* \(.*\)$/extern char \1;/p'\'''
lt_cv_sys_max_cmd_len=1966080

## ----------------- ##
## Output variables. ##
## ----------------- ##

ACLOCAL='${SHELL} /data/local/src/server-reg/lib/webtpl-1.15/missing --run aclocal-1.10'
AMDEPBACKSLASH='\'
AMDEP_FALSE='#'
AMDEP_TRUE=''
AMTAR='${SHELL} /data/local/src/server-reg/lib/webtpl-1.15/missing --run tar'
AR='ar'
AUTOCONF='${SHELL} /data/local/src/server-reg/lib/webtpl-1.15/missing --run autoconf'
AUTOHEADER='${SHELL} /data/local/src/server-reg/lib/webtpl-1.15/missing --run autoheader'
AUTOMAKE='${SHELL} /data/local/src/server-reg/lib/webtpl-1.15/missing --run automake-1.10'
AWK='gawk'
CC='gcc'
CCDEPMODE='depmode=gcc3'
CFLAGS='-g -O2'
CPP='gcc -E'
CPPFLAGS=''
CYGPATH_W='echo'
DEFS='-DPACKAGE_NAME=\"\" -DPACKAGE_TARNAME=\"\" -DPACKAGE_VERSION=\"\" -DPACKAGE_STRING=\"\" -DPACKAGE_BUGREPORT=\"\" -DPACKAGE_URL=\"\" -DPACKAGE=\"webtpl\" -DVERSION=\"1.15\" -DSTDC_HEADERS=1 -DHAVE_SYS_TYPES_H=1 -DHAVE_SYS_STAT_H=1 -DHAVE_STDLIB_H=1 -DHAVE_STRING_H=1 -DHAVE_MEMORY_H=1 -DHAVE_STRINGS_H=1 -DHAVE_INTTYPES_H=1 -DHAVE_STDINT_H=1 -DHAVE_UNISTD_H=1 -DHAVE_DLFCN_H=1 -DLT_OBJDIR=\".libs/\"'
DEPDIR='.deps'
DSYMUTIL=''
DUMPBIN=''
ECHO_C=''
ECHO_N='-n'
ECHO_T=''
EGREP='/bin/grep -E'
EXEEXT=''
FGREP='/bin/grep -F'
GREP='/bin/grep'
INSTALL_DATA='${INSTALL} -m 644'
INSTALL_PROGRAM='${INSTALL}'
INSTALL_SCRIPT='${INSTALL}'
INSTALL_STRIP_PROGRAM='$(install_sh) -c -s'
LD='/usr/bin/ld -m elf_x86_64'
LDFLAGS=''
LIBOBJS=''
LIBS=''
LIBTOOL='$(SHELL) $(top_builddir)/libtool'
LIPO=''
LN_S='ln -s'
LTLIBOBJS=''
MAKEINFO='${SHELL} /data/local/src/server-reg/lib/webtpl-1.15/missing --run makeinfo'
MKDIR_P='/bin/mkdir -p'
NM='/usr/bin/nm -B'
NMEDIT=''
OBJDUMP='objdump'
OBJEXT='o'
OTOOL64=''
OTOOL=''
PACKAGE='webtpl'
PACKAGE_BUGREPORT=''
PACKAGE_NAME=''
PACKAGE_STRING=''
PACKAGE_TARNAME=''
PACKAGE_URL=''
PACKAGE_VERSION=''
PATH_SEPARATOR=':'
RANLIB='ranlib'
SED='/bin/sed'
SET_MAKE=''
SHELL='/bin/sh'
STRIP='strip'
VERSION='1.15'
ac_ct_CC='gcc'
ac_ct_DUMPBIN=''
am__fastdepCC_FALSE='#'
am__fastdepCC_TRUE=''
am__include='include'
am__isrc=''
am__leading_dot='.'
am__quote=''
am__tar='${AMTAR} chof - "$$tardir"'
am__untar='${AMTAR} xf -'
bindir='${exec_prefix}/bin'
build='x86_64-unknown-linux-gnu'
build_alias=''
build_cpu='x86_64'
build_os='linux-gnu'
build_vendor='unknown'
datadir='${datarootdir}'
datarootdir='${prefix}/share'
docdir='${datarootdir}/doc/${PACKAGE}'
dvidir='${docdir}'
exec_prefix='${prefix}'
host='x86_64-unknown-linux-gnu'
host_alias=''
host_cpu='x86_64'
host_os='linux-gnu'
host_vendor='unknown'
htmldir='${docdir}'
includedir='${prefix}/include'
infodir='${datarootdir}/info'
install_sh='$(SHELL) /data/local/src/server-reg/lib/webtpl-1.15/install-sh'
libdir='${exec_prefix}/lib'
libexecdir='${exec_prefix}/libexec'
localedir='${datarootdir}/locale'
localstatedir='${prefix}/var'
lt_ECHO='echo'
mandir='${datarootdir}/man'
mkdir_p='/bin/mkdir -p'
oldincludedir='/usr/include'
pdfdir='${docdir}'
prefix='/data/local'
program_transform_name='s,x,x,'
psdir='${docdir}'
sbindir='${exec_prefix}/sbin'
sharedstatedir='${prefix}/com'
sysconfdir='${prefix}/etc'
target_alias=''

## ----------- ##
## confdefs.h. ##
## ----------- ##

/* confdefs.h */
#define PACKAGE_NAME ""
#define PACKAGE_TARNAME ""
#define PACKAGE_VERSION ""
#define PACKAGE_STRING ""
#define PACKAGE_BUGREPORT ""
#define PACKAGE_URL ""
#define PACKAGE "webtpl"
#define VERSION "1.15"
#define STDC_HEADERS 1
#define HAVE_SYS_TYPES_H 1
#define HAVE_SYS_STAT_H 1
#define HAVE_STDLIB_H 1
#define HAVE_STRING_H 1
#define HAVE_MEMORY_H 1
#define HAVE_STRINGS_H 1
#define HAVE_INTTYPES_H 1
#define HAVE_STDINT_H 1
#define HAVE_UNISTD_H 1
#define HAVE_DLFCN_H 1
#define LT_OBJDIR ".libs/"

configure: exit 0
